  AudioUtils.cpp
  BgmListView.cpp
  ChatWidget.cpp
  ControlWidget.cpp
  Dialog.cpp
  GLWidget.cpp
  jsoncpp.cpp
  LApp.cpp
  LAppAllocator.cpp
  LAppDefine.cpp
  LAppDelegate.cpp
  LAppLive2DManager.cpp
  LAppModel.cpp
  LAppPal.cpp
  LAppTextureManager.cpp
  LAppView.cpp
  LAppWavFileHandler.cpp
  main.cpp
  moc_controlwidget.cpp
  moc_glwidget.cpp
  NetworkUtils.cpp
  TouchManager.cpp
  Demo.vcxproj -> D:\Live2D\CubismSdkForNative-4-r.5.1\proj_msvc2022_x86_mt\bin\Demo\Release\Live2D-x86.exe
