d:\live2d\cubismsdkfornative-4-r.5.1\proj_msvc2022_x86_mt\demo.dir\release\controlwidget.obj
d:\live2d\cubismsdkfornative-4-r.5.1\proj_msvc2022_x86_mt\demo.dir\release\lappallocator.obj
d:\live2d\cubismsdkfornative-4-r.5.1\proj_msvc2022_x86_mt\demo.dir\release\lappdefine.obj
d:\live2d\cubismsdkfornative-4-r.5.1\proj_msvc2022_x86_mt\demo.dir\release\lappdelegate.obj
d:\live2d\cubismsdkfornative-4-r.5.1\proj_msvc2022_x86_mt\demo.dir\release\lappview.obj
d:\live2d\cubismsdkfornative-4-r.5.1\proj_msvc2022_x86_mt\demo.dir\release\networkutils.obj
d:\live2d\cubismsdkfornative-4-r.5.1\proj_msvc2022_x86_mt\demo.dir\release\dialog.obj
d:\live2d\cubismsdkfornative-4-r.5.1\proj_msvc2022_x86_mt\demo.dir\release\lapp.obj
d:\live2d\cubismsdkfornative-4-r.5.1\proj_msvc2022_x86_mt\demo.dir\release\lappmodel.obj
d:\live2d\cubismsdkfornative-4-r.5.1\proj_msvc2022_x86_mt\demo.dir\release\moc_glwidget.obj
d:\live2d\cubismsdkfornative-4-r.5.1\proj_msvc2022_x86_mt\demo.dir\release\chatwidget.obj
d:\live2d\cubismsdkfornative-4-r.5.1\proj_msvc2022_x86_mt\demo.dir\release\glwidget.obj
d:\live2d\cubismsdkfornative-4-r.5.1\proj_msvc2022_x86_mt\demo.dir\release\lapppal.obj
d:\live2d\cubismsdkfornative-4-r.5.1\proj_msvc2022_x86_mt\demo.dir\release\lapptexturemanager.obj
d:\live2d\cubismsdkfornative-4-r.5.1\proj_msvc2022_x86_mt\demo.dir\release\lappwavfilehandler.obj
d:\live2d\cubismsdkfornative-4-r.5.1\proj_msvc2022_x86_mt\demo.dir\release\moc_controlwidget.obj
d:\live2d\cubismsdkfornative-4-r.5.1\proj_msvc2022_x86_mt\demo.dir\release\touchmanager.obj
d:\live2d\cubismsdkfornative-4-r.5.1\proj_msvc2022_x86_mt\demo.dir\release\bgmlistview.obj
d:\live2d\cubismsdkfornative-4-r.5.1\proj_msvc2022_x86_mt\demo.dir\release\jsoncpp.obj
d:\live2d\cubismsdkfornative-4-r.5.1\proj_msvc2022_x86_mt\demo.dir\release\lapplive2dmanager.obj
d:\live2d\cubismsdkfornative-4-r.5.1\proj_msvc2022_x86_mt\demo.dir\release\main.obj
d:\live2d\cubismsdkfornative-4-r.5.1\proj_msvc2022_x86_mt\bin\demo\release\live2d-x86-debug.exe
d:\live2d\cubismsdkfornative-4-r.5.1\proj_msvc2022_x86_mt\demo.dir\release\demo.res
d:\live2d\cubismsdkfornative-4-r.5.1\proj_msvc2022_x86_mt\demo.dir\release\demo.tlog\cl.10888.write.1.tlog
d:\live2d\cubismsdkfornative-4-r.5.1\proj_msvc2022_x86_mt\demo.dir\release\demo.tlog\cl.command.1.tlog
d:\live2d\cubismsdkfornative-4-r.5.1\proj_msvc2022_x86_mt\demo.dir\release\demo.tlog\cl.read.1.tlog
d:\live2d\cubismsdkfornative-4-r.5.1\proj_msvc2022_x86_mt\demo.dir\release\demo.tlog\link.command.1.tlog
d:\live2d\cubismsdkfornative-4-r.5.1\proj_msvc2022_x86_mt\demo.dir\release\demo.tlog\link.read.1.tlog
d:\live2d\cubismsdkfornative-4-r.5.1\proj_msvc2022_x86_mt\demo.dir\release\demo.tlog\link.write.1.tlog
d:\live2d\cubismsdkfornative-4-r.5.1\proj_msvc2022_x86_mt\demo.dir\release\demo.tlog\rc.command.1.tlog
d:\live2d\cubismsdkfornative-4-r.5.1\proj_msvc2022_x86_mt\demo.dir\release\demo.tlog\rc.read.1.tlog
d:\live2d\cubismsdkfornative-4-r.5.1\proj_msvc2022_x86_mt\demo.dir\release\demo.tlog\rc.write.1.tlog
