d:\fordesktop\live2dproject\live2dmascot\cubismsdkfornative\proj_msvc2022_x64_mt\framework\framework.dir\cubismusermodel.obj
d:\fordesktop\live2dproject\live2dmascot\cubismsdkfornative\proj_msvc2022_x64_mt\framework\framework.dir\cubismmodeluserdatajson.obj
d:\fordesktop\live2dproject\live2dmascot\cubismsdkfornative\proj_msvc2022_x64_mt\framework\framework.dir\cubismmodeluserdata.obj
d:\fordesktop\live2dproject\live2dmascot\cubismsdkfornative\proj_msvc2022_x64_mt\framework\framework.dir\cubismmodel.obj
d:\fordesktop\live2dproject\live2dmascot\cubismsdkfornative\proj_msvc2022_x64_mt\framework\framework.dir\cubismmoc.obj
d:\fordesktop\live2dproject\live2dmascot\cubismsdkfornative\proj_msvc2022_x64_mt\framework\framework.dir\cubismviewmatrix.obj
d:\fordesktop\live2dproject\live2dmascot\cubismsdkfornative\proj_msvc2022_x64_mt\framework\framework.dir\cubismvector2.obj
d:\fordesktop\live2dproject\live2dmascot\cubismsdkfornative\proj_msvc2022_x64_mt\framework\framework.dir\cubismtargetpoint.obj
d:\fordesktop\live2dproject\live2dmascot\cubismsdkfornative\proj_msvc2022_x64_mt\framework\framework.dir\cubismmodelmatrix.obj
d:\fordesktop\live2dproject\live2dmascot\cubismsdkfornative\proj_msvc2022_x64_mt\framework\framework.dir\cubismmatrix44.obj
d:\fordesktop\live2dproject\live2dmascot\cubismsdkfornative\proj_msvc2022_x64_mt\framework\framework.dir\cubismmath.obj
d:\fordesktop\live2dproject\live2dmascot\cubismsdkfornative\proj_msvc2022_x64_mt\framework\framework.dir\cubismidmanager.obj
d:\fordesktop\live2dproject\live2dmascot\cubismsdkfornative\proj_msvc2022_x64_mt\framework\framework.dir\cubismid.obj
d:\fordesktop\live2dproject\live2dmascot\cubismsdkfornative\proj_msvc2022_x64_mt\framework\framework.dir\cubismpose.obj
d:\fordesktop\live2dproject\live2dmascot\cubismsdkfornative\proj_msvc2022_x64_mt\framework\framework.dir\cubismeyeblink.obj
d:\fordesktop\live2dproject\live2dmascot\cubismsdkfornative\proj_msvc2022_x64_mt\framework\framework.dir\cubismbreath.obj
d:\fordesktop\live2dproject\live2dmascot\cubismsdkfornative\proj_msvc2022_x64_mt\framework\framework.dir\cubismmodelsettingjson.obj
d:\fordesktop\live2dproject\live2dmascot\cubismsdkfornative\proj_msvc2022_x64_mt\framework\framework.dir\cubismframework.obj
d:\fordesktop\live2dproject\live2dmascot\cubismsdkfornative\proj_msvc2022_x64_mt\framework\framework.dir\cubismdefaultparameterid.obj
d:\fordesktop\live2dproject\live2dmascot\cubismsdkfornative\proj_msvc2022_x64_mt\framework\framework.dir\cubismcdijson.obj
d:\fordesktop\live2dproject\live2dmascot\cubismsdkfornative\proj_msvc2022_x64_mt\framework\framework.dir\cubismstring.obj
d:\fordesktop\live2dproject\live2dmascot\cubismsdkfornative\proj_msvc2022_x64_mt\framework\framework.dir\cubismjson.obj
d:\fordesktop\live2dproject\live2dmascot\cubismsdkfornative\proj_msvc2022_x64_mt\framework\framework.dir\cubismdebug.obj
d:\fordesktop\live2dproject\live2dmascot\cubismsdkfornative\proj_msvc2022_x64_mt\framework\framework.dir\csmstring.obj
d:\fordesktop\live2dproject\live2dmascot\cubismsdkfornative\proj_msvc2022_x64_mt\framework\framework.dir\csmrectf.obj
d:\fordesktop\live2dproject\live2dmascot\cubismsdkfornative\proj_msvc2022_x64_mt\framework\framework.dir\cubismrenderer_opengles2.obj
d:\fordesktop\live2dproject\live2dmascot\cubismsdkfornative\proj_msvc2022_x64_mt\framework\framework.dir\cubismoffscreensurface_opengles2.obj
d:\fordesktop\live2dproject\live2dmascot\cubismsdkfornative\proj_msvc2022_x64_mt\framework\framework.dir\cubismrenderer.obj
d:\fordesktop\live2dproject\live2dmascot\cubismsdkfornative\proj_msvc2022_x64_mt\framework\framework.dir\cubismphysicsjson.obj
d:\fordesktop\live2dproject\live2dmascot\cubismsdkfornative\proj_msvc2022_x64_mt\framework\framework.dir\cubismphysics.obj
d:\fordesktop\live2dproject\live2dmascot\cubismsdkfornative\proj_msvc2022_x64_mt\framework\framework.dir\cubismmotionqueuemanager.obj
d:\fordesktop\live2dproject\live2dmascot\cubismsdkfornative\proj_msvc2022_x64_mt\framework\framework.dir\cubismmotionqueueentry.obj
d:\fordesktop\live2dproject\live2dmascot\cubismsdkfornative\proj_msvc2022_x64_mt\framework\framework.dir\cubismmotionmanager.obj
d:\fordesktop\live2dproject\live2dmascot\cubismsdkfornative\proj_msvc2022_x64_mt\framework\framework.dir\cubismmotionjson.obj
d:\fordesktop\live2dproject\live2dmascot\cubismsdkfornative\proj_msvc2022_x64_mt\framework\framework.dir\cubismmotion.obj
d:\fordesktop\live2dproject\live2dmascot\cubismsdkfornative\proj_msvc2022_x64_mt\framework\framework.dir\cubismexpressionmotion.obj
d:\fordesktop\live2dproject\live2dmascot\cubismsdkfornative\proj_msvc2022_x64_mt\framework\framework.dir\acubismmotion.obj
d:\fordesktop\live2dproject\live2dmascot\cubismsdkfornative\proj_msvc2022_x64_mt\lib\framework.lib
d:\fordesktop\live2dproject\live2dmascot\cubismsdkfornative\proj_msvc2022_x64_mt\framework\framework.dir\framework.tlog\cl.command.1.tlog
d:\fordesktop\live2dproject\live2dmascot\cubismsdkfornative\proj_msvc2022_x64_mt\framework\framework.dir\framework.tlog\cl.items.tlog
d:\fordesktop\live2dproject\live2dmascot\cubismsdkfornative\proj_msvc2022_x64_mt\framework\framework.dir\framework.tlog\cl.read.1.tlog
d:\fordesktop\live2dproject\live2dmascot\cubismsdkfornative\proj_msvc2022_x64_mt\framework\framework.dir\framework.tlog\cl.write.1.tlog
d:\fordesktop\live2dproject\live2dmascot\cubismsdkfornative\proj_msvc2022_x64_mt\framework\framework.dir\framework.tlog\lib-link.read.1.tlog
d:\fordesktop\live2dproject\live2dmascot\cubismsdkfornative\proj_msvc2022_x64_mt\framework\framework.dir\framework.tlog\lib-link.write.1.tlog
d:\fordesktop\live2dproject\live2dmascot\cubismsdkfornative\proj_msvc2022_x64_mt\framework\framework.dir\framework.tlog\lib.command.1.tlog
