D:\Visual Studio\MSBuild\Current\Bin\amd64\Microsoft.Common.CurrentVersion.targets(2146,5): warning : The referenced project 'D:\Live2D\CubismSdkForNative-4-r.5.1\Samples\OpenGL\Demo\proj.win.cmake\build\proj_msvc2022_x64_mt\glew\glew_s.vcxproj' does not exist.
  CubismCdiJson.cpp
  CubismDefaultParameterId.cpp
  CubismFramework.cpp
  CubismModelSettingJson.cpp
  CubismBreath.cpp
  CubismEyeBlink.cpp
  CubismPose.cpp
  CubismId.cpp
  CubismIdManager.cpp
  CubismMath.cpp
  CubismMatrix44.cpp
  CubismModelMatrix.cpp
  CubismTargetPoint.cpp
  CubismVector2.cpp
  CubismViewMatrix.cpp
  CubismMoc.cpp
  CubismModel.cpp
  CubismModelUserData.cpp
  CubismModelUserDataJson.cpp
  CubismUserModel.cpp
  正在生成代码...
  正在编译...
  ACubismMotion.cpp
  CubismExpressionMotion.cpp
  CubismMotion.cpp
  CubismMotionJson.cpp
  CubismMotionManager.cpp
  CubismMotionQueueEntry.cpp
  CubismMotionQueueManager.cpp
  CubismPhysics.cpp
  CubismPhysicsJson.cpp
  CubismRenderer.cpp
  CubismOffscreenSurface_OpenGLES2.cpp
  CubismRenderer_OpenGLES2.cpp
  csmRectF.cpp
  csmString.cpp
  CubismDebug.cpp
  CubismJson.cpp
  CubismString.cpp
  正在生成代码...
  Framework.vcxproj -> D:\forDesktop\Live2DProject\Live2DMascot\CubismSdkForNative\proj_msvc2022_x64_mt\lib\Framework.lib
