d:\live2d\cubismsdkfornative-4-r.5.1\samples\opengl\demo\proj.win.cmake\build\proj_msvc2022_x86_mt\glfw\src\release\glfw3.lib
d:\live2d\cubismsdkfornative-4-r.5.1\proj_msvc2022_x86_mt\glfw\src\glfw.dir\release\context.obj
d:\live2d\cubismsdkfornative-4-r.5.1\proj_msvc2022_x86_mt\glfw\src\glfw.dir\release\egl_context.obj
d:\live2d\cubismsdkfornative-4-r.5.1\proj_msvc2022_x86_mt\glfw\src\glfw.dir\release\init.obj
d:\live2d\cubismsdkfornative-4-r.5.1\proj_msvc2022_x86_mt\glfw\src\glfw.dir\release\input.obj
d:\live2d\cubismsdkfornative-4-r.5.1\proj_msvc2022_x86_mt\glfw\src\glfw.dir\release\monitor.obj
d:\live2d\cubismsdkfornative-4-r.5.1\proj_msvc2022_x86_mt\glfw\src\glfw.dir\release\osmesa_context.obj
d:\live2d\cubismsdkfornative-4-r.5.1\proj_msvc2022_x86_mt\glfw\src\glfw.dir\release\vulkan.obj
d:\live2d\cubismsdkfornative-4-r.5.1\proj_msvc2022_x86_mt\glfw\src\glfw.dir\release\wgl_context.obj
d:\live2d\cubismsdkfornative-4-r.5.1\proj_msvc2022_x86_mt\glfw\src\glfw.dir\release\win32_init.obj
d:\live2d\cubismsdkfornative-4-r.5.1\proj_msvc2022_x86_mt\glfw\src\glfw.dir\release\win32_joystick.obj
d:\live2d\cubismsdkfornative-4-r.5.1\proj_msvc2022_x86_mt\glfw\src\glfw.dir\release\win32_monitor.obj
d:\live2d\cubismsdkfornative-4-r.5.1\proj_msvc2022_x86_mt\glfw\src\glfw.dir\release\win32_thread.obj
d:\live2d\cubismsdkfornative-4-r.5.1\proj_msvc2022_x86_mt\glfw\src\glfw.dir\release\win32_time.obj
d:\live2d\cubismsdkfornative-4-r.5.1\proj_msvc2022_x86_mt\glfw\src\glfw.dir\release\win32_window.obj
d:\live2d\cubismsdkfornative-4-r.5.1\proj_msvc2022_x86_mt\glfw\src\glfw.dir\release\window.obj
d:\live2d\cubismsdkfornative-4-r.5.1\proj_msvc2022_x86_mt\glfw\src\glfw.dir\release\glfw.tlog\cl.command.1.tlog
d:\live2d\cubismsdkfornative-4-r.5.1\proj_msvc2022_x86_mt\glfw\src\glfw.dir\release\glfw.tlog\lib-link.read.1.tlog
d:\live2d\cubismsdkfornative-4-r.5.1\proj_msvc2022_x86_mt\glfw\src\glfw.dir\release\glfw.tlog\lib-link.write.1.tlog
d:\live2d\cubismsdkfornative-4-r.5.1\proj_msvc2022_x86_mt\glfw\src\glfw.dir\release\glfw.tlog\lib.command.1.tlog
