d:\live2d\cubismsdkfornative-4-r.5.1\proj_msvc2022_x86_mt\framework\framework.dir\release\cubismusermodel.obj
d:\live2d\cubismsdkfornative-4-r.5.1\proj_msvc2022_x86_mt\framework\framework.dir\release\cubismmodeluserdatajson.obj
d:\live2d\cubismsdkfornative-4-r.5.1\proj_msvc2022_x86_mt\framework\framework.dir\release\cubismmodeluserdata.obj
d:\live2d\cubismsdkfornative-4-r.5.1\proj_msvc2022_x86_mt\framework\framework.dir\release\cubismmodel.obj
d:\live2d\cubismsdkfornative-4-r.5.1\proj_msvc2022_x86_mt\framework\framework.dir\release\cubismmoc.obj
d:\live2d\cubismsdkfornative-4-r.5.1\proj_msvc2022_x86_mt\framework\framework.dir\release\cubismviewmatrix.obj
d:\live2d\cubismsdkfornative-4-r.5.1\proj_msvc2022_x86_mt\framework\framework.dir\release\cubismvector2.obj
d:\live2d\cubismsdkfornative-4-r.5.1\proj_msvc2022_x86_mt\framework\framework.dir\release\cubismtargetpoint.obj
d:\live2d\cubismsdkfornative-4-r.5.1\proj_msvc2022_x86_mt\framework\framework.dir\release\cubismmodelmatrix.obj
d:\live2d\cubismsdkfornative-4-r.5.1\proj_msvc2022_x86_mt\framework\framework.dir\release\cubismmatrix44.obj
d:\live2d\cubismsdkfornative-4-r.5.1\proj_msvc2022_x86_mt\framework\framework.dir\release\cubismmath.obj
d:\live2d\cubismsdkfornative-4-r.5.1\proj_msvc2022_x86_mt\framework\framework.dir\release\cubismidmanager.obj
d:\live2d\cubismsdkfornative-4-r.5.1\proj_msvc2022_x86_mt\framework\framework.dir\release\cubismid.obj
d:\live2d\cubismsdkfornative-4-r.5.1\proj_msvc2022_x86_mt\framework\framework.dir\release\cubismpose.obj
d:\live2d\cubismsdkfornative-4-r.5.1\proj_msvc2022_x86_mt\framework\framework.dir\release\cubismeyeblink.obj
d:\live2d\cubismsdkfornative-4-r.5.1\proj_msvc2022_x86_mt\framework\framework.dir\release\cubismbreath.obj
d:\live2d\cubismsdkfornative-4-r.5.1\proj_msvc2022_x86_mt\framework\framework.dir\release\cubismmodelsettingjson.obj
d:\live2d\cubismsdkfornative-4-r.5.1\proj_msvc2022_x86_mt\framework\framework.dir\release\cubismframework.obj
d:\live2d\cubismsdkfornative-4-r.5.1\proj_msvc2022_x86_mt\framework\framework.dir\release\cubismdefaultparameterid.obj
d:\live2d\cubismsdkfornative-4-r.5.1\proj_msvc2022_x86_mt\framework\framework.dir\release\cubismcdijson.obj
d:\live2d\cubismsdkfornative-4-r.5.1\proj_msvc2022_x86_mt\framework\framework.dir\release\cubismstring.obj
d:\live2d\cubismsdkfornative-4-r.5.1\proj_msvc2022_x86_mt\framework\framework.dir\release\cubismjson.obj
d:\live2d\cubismsdkfornative-4-r.5.1\proj_msvc2022_x86_mt\framework\framework.dir\release\cubismdebug.obj
d:\live2d\cubismsdkfornative-4-r.5.1\proj_msvc2022_x86_mt\framework\framework.dir\release\csmstring.obj
d:\live2d\cubismsdkfornative-4-r.5.1\proj_msvc2022_x86_mt\framework\framework.dir\release\csmrectf.obj
d:\live2d\cubismsdkfornative-4-r.5.1\proj_msvc2022_x86_mt\framework\framework.dir\release\cubismrenderer_opengles2.obj
d:\live2d\cubismsdkfornative-4-r.5.1\proj_msvc2022_x86_mt\framework\framework.dir\release\cubismoffscreensurface_opengles2.obj
d:\live2d\cubismsdkfornative-4-r.5.1\proj_msvc2022_x86_mt\framework\framework.dir\release\cubismrenderer.obj
d:\live2d\cubismsdkfornative-4-r.5.1\proj_msvc2022_x86_mt\framework\framework.dir\release\cubismphysicsjson.obj
d:\live2d\cubismsdkfornative-4-r.5.1\proj_msvc2022_x86_mt\framework\framework.dir\release\cubismphysics.obj
d:\live2d\cubismsdkfornative-4-r.5.1\proj_msvc2022_x86_mt\framework\framework.dir\release\cubismmotionqueuemanager.obj
d:\live2d\cubismsdkfornative-4-r.5.1\proj_msvc2022_x86_mt\framework\framework.dir\release\cubismmotionqueueentry.obj
d:\live2d\cubismsdkfornative-4-r.5.1\proj_msvc2022_x86_mt\framework\framework.dir\release\cubismmotionmanager.obj
d:\live2d\cubismsdkfornative-4-r.5.1\proj_msvc2022_x86_mt\framework\framework.dir\release\cubismmotionjson.obj
d:\live2d\cubismsdkfornative-4-r.5.1\proj_msvc2022_x86_mt\framework\framework.dir\release\cubismmotion.obj
d:\live2d\cubismsdkfornative-4-r.5.1\proj_msvc2022_x86_mt\framework\framework.dir\release\cubismexpressionmotion.obj
d:\live2d\cubismsdkfornative-4-r.5.1\proj_msvc2022_x86_mt\framework\framework.dir\release\acubismmotion.obj
d:\live2d\cubismsdkfornative-4-r.5.1\proj_msvc2022_x86_mt\framework\framework\release\framework.lib
d:\live2d\cubismsdkfornative-4-r.5.1\proj_msvc2022_x86_mt\framework\framework.dir\release\framework.tlog\cl.command.1.tlog
d:\live2d\cubismsdkfornative-4-r.5.1\proj_msvc2022_x86_mt\framework\framework.dir\release\framework.tlog\cl.read.1.tlog
d:\live2d\cubismsdkfornative-4-r.5.1\proj_msvc2022_x86_mt\framework\framework.dir\release\framework.tlog\cl.write.1.tlog
d:\live2d\cubismsdkfornative-4-r.5.1\proj_msvc2022_x86_mt\framework\framework.dir\release\framework.tlog\lib-link.read.1.tlog
d:\live2d\cubismsdkfornative-4-r.5.1\proj_msvc2022_x86_mt\framework\framework.dir\release\framework.tlog\lib-link.write.1.tlog
d:\live2d\cubismsdkfornative-4-r.5.1\proj_msvc2022_x86_mt\framework\framework.dir\release\framework.tlog\lib.command.1.tlog
