Performing C SOURCE FILE Test CMAKE_HAVE_LIBC_PTHREAD failed with the following output:
Change Dir: D:/Live2D/CubismSdkForNative-4-r.5.1/Samples/OpenGL/Demo/proj.win.cmake/build/proj_msvc2022_x86_mt/CMakeFiles/CMakeTmp

Run Build Command(s):D:/Visual Studio/MSBuild/Current/Bin/amd64/MSBuild.exe cmTC_8ad06.vcxproj /p:Configuration=Debug /p:Platform=Win32 /p:VisualStudioVersion=17.0 /v:m && MSBuild version 17.4.1+9a89d02ff for .NET Framework
  用于 x86 的 Microsoft (R) C/C++ 优化编译器 19.34.31937 版
  src.c
  版权所有(C) Microsoft Corporation。保留所有权利。
  cl /c /Zi /W1 /WX- /diagnostics:column /Od /Ob0 /Oy- /D _MBCS /D WIN32 /D _WINDOWS /D CMAKE_HAVE_LIBC_PTHREAD /D "CMAKE_INTDIR=\"Debug\"" /Gm- /RTC1 /MDd /GS /fp:precise /Zc:wchar_t /Zc:forScope /Zc:inline /Fo"cmTC_8ad06.dir\Debug\\" /Fd"cmTC_8ad06.dir\Debug\vc143.pdb" /external:W1 /Gd /TC /analyze- /errorReport:queue "D:\Live2D\CubismSdkForNative-4-r.5.1\Samples\OpenGL\Demo\proj.win.cmake\build\proj_msvc2022_x86_mt\CMakeFiles\CMakeTmp\src.c"
D:\Live2D\CubismSdkForNative-4-r.5.1\Samples\OpenGL\Demo\proj.win.cmake\build\proj_msvc2022_x86_mt\CMakeFiles\CMakeTmp\src.c(1,10): fatal  error C1083: 无法打开包括文件: “pthread.h”: No such file or directory [D:\Live2D\CubismSdkForNative-4-r.5.1\Samples\OpenGL\Demo\proj.win.cmake\build\proj_msvc2022_x86_mt\CMakeFiles\CMakeTmp\cmTC_8ad06.vcxproj]


Source file was:
#include <pthread.h>

static void* test_func(void* data)
{
  return data;
}

int main(void)
{
  pthread_t thread;
  pthread_create(&thread, NULL, test_func, NULL);
  pthread_detach(thread);
  pthread_cancel(thread);
  pthread_join(thread, NULL);
  pthread_atfork(NULL, NULL, NULL);
  pthread_exit(NULL);

  return 0;
}

Determining if the function pthread_create exists in the pthreads failed with the following output:
Change Dir: D:/Live2D/CubismSdkForNative-4-r.5.1/Samples/OpenGL/Demo/proj.win.cmake/build/proj_msvc2022_x86_mt/CMakeFiles/CMakeTmp

Run Build Command(s):D:/Visual Studio/MSBuild/Current/Bin/amd64/MSBuild.exe cmTC_30076.vcxproj /p:Configuration=Debug /p:Platform=Win32 /p:VisualStudioVersion=17.0 /v:m && MSBuild version 17.4.1+9a89d02ff for .NET Framework
  用于 x86 的 Microsoft (R) C/C++ 优化编译器 19.34.31937 版
  CheckFunctionExists.c
  版权所有(C) Microsoft Corporation。保留所有权利。
  cl /c /Zi /W1 /WX- /diagnostics:column /Od /Ob0 /Oy- /D _MBCS /D WIN32 /D _WINDOWS /D CHECK_FUNCTION_EXISTS=pthread_create /D "CMAKE_INTDIR=\"Debug\"" /Gm- /RTC1 /MDd /GS /fp:precise /Zc:wchar_t /Zc:forScope /Zc:inline /Fo"cmTC_30076.dir\Debug\\" /Fd"cmTC_30076.dir\Debug\vc143.pdb" /external:W1 /Gd /TC /analyze- /errorReport:queue "D:\Visual Studio\Common7\IDE\CommonExtensions\Microsoft\CMake\CMake\share\cmake-3.24\Modules\CheckFunctionExists.c"
LINK : fatal error LNK1104: 无法打开文件“pthreads.lib” [D:\Live2D\CubismSdkForNative-4-r.5.1\Samples\OpenGL\Demo\proj.win.cmake\build\proj_msvc2022_x86_mt\CMakeFiles\CMakeTmp\cmTC_30076.vcxproj]



Determining if the function pthread_create exists in the pthread failed with the following output:
Change Dir: D:/Live2D/CubismSdkForNative-4-r.5.1/Samples/OpenGL/Demo/proj.win.cmake/build/proj_msvc2022_x86_mt/CMakeFiles/CMakeTmp

Run Build Command(s):D:/Visual Studio/MSBuild/Current/Bin/amd64/MSBuild.exe cmTC_97972.vcxproj /p:Configuration=Debug /p:Platform=Win32 /p:VisualStudioVersion=17.0 /v:m && MSBuild version 17.4.1+9a89d02ff for .NET Framework
  用于 x86 的 Microsoft (R) C/C++ 优化编译器 19.34.31937 版
  CheckFunctionExists.c
  版权所有(C) Microsoft Corporation。保留所有权利。
  cl /c /Zi /W1 /WX- /diagnostics:column /Od /Ob0 /Oy- /D _MBCS /D WIN32 /D _WINDOWS /D CHECK_FUNCTION_EXISTS=pthread_create /D "CMAKE_INTDIR=\"Debug\"" /Gm- /RTC1 /MDd /GS /fp:precise /Zc:wchar_t /Zc:forScope /Zc:inline /Fo"cmTC_97972.dir\Debug\\" /Fd"cmTC_97972.dir\Debug\vc143.pdb" /external:W1 /Gd /TC /analyze- /errorReport:queue "D:\Visual Studio\Common7\IDE\CommonExtensions\Microsoft\CMake\CMake\share\cmake-3.24\Modules\CheckFunctionExists.c"
LINK : fatal error LNK1104: 无法打开文件“pthread.lib” [D:\Live2D\CubismSdkForNative-4-r.5.1\Samples\OpenGL\Demo\proj.win.cmake\build\proj_msvc2022_x86_mt\CMakeFiles\CMakeTmp\cmTC_97972.vcxproj]



