d:\fordesktop\live2dproject\live2dmascot\cubismsdkfornative\proj_msvc2022_x64_mt\glfw\src\glfw.dir\window.obj
d:\fordesktop\live2dproject\live2dmascot\cubismsdkfornative\proj_msvc2022_x64_mt\glfw\src\glfw.dir\win32_window.obj
d:\fordesktop\live2dproject\live2dmascot\cubismsdkfornative\proj_msvc2022_x64_mt\glfw\src\glfw.dir\win32_time.obj
d:\fordesktop\live2dproject\live2dmascot\cubismsdkfornative\proj_msvc2022_x64_mt\glfw\src\glfw.dir\win32_thread.obj
d:\fordesktop\live2dproject\live2dmascot\cubismsdkfornative\proj_msvc2022_x64_mt\glfw\src\glfw.dir\win32_monitor.obj
d:\fordesktop\live2dproject\live2dmascot\cubismsdkfornative\proj_msvc2022_x64_mt\glfw\src\glfw.dir\win32_joystick.obj
d:\fordesktop\live2dproject\live2dmascot\cubismsdkfornative\proj_msvc2022_x64_mt\glfw\src\glfw.dir\win32_init.obj
d:\fordesktop\live2dproject\live2dmascot\cubismsdkfornative\proj_msvc2022_x64_mt\glfw\src\glfw.dir\wgl_context.obj
d:\fordesktop\live2dproject\live2dmascot\cubismsdkfornative\proj_msvc2022_x64_mt\glfw\src\glfw.dir\vulkan.obj
d:\fordesktop\live2dproject\live2dmascot\cubismsdkfornative\proj_msvc2022_x64_mt\glfw\src\glfw.dir\osmesa_context.obj
d:\fordesktop\live2dproject\live2dmascot\cubismsdkfornative\proj_msvc2022_x64_mt\glfw\src\glfw.dir\monitor.obj
d:\fordesktop\live2dproject\live2dmascot\cubismsdkfornative\proj_msvc2022_x64_mt\glfw\src\glfw.dir\input.obj
d:\fordesktop\live2dproject\live2dmascot\cubismsdkfornative\proj_msvc2022_x64_mt\glfw\src\glfw.dir\init.obj
d:\fordesktop\live2dproject\live2dmascot\cubismsdkfornative\proj_msvc2022_x64_mt\glfw\src\glfw.dir\egl_context.obj
d:\fordesktop\live2dproject\live2dmascot\cubismsdkfornative\proj_msvc2022_x64_mt\glfw\src\glfw.dir\context.obj
d:\fordesktop\live2dproject\live2dmascot\cubismsdkfornative\proj_msvc2022_x64_mt\lib\glfw3.lib
d:\fordesktop\live2dproject\live2dmascot\cubismsdkfornative\proj_msvc2022_x64_mt\glfw\src\glfw.dir\glfw.tlog\cl.command.1.tlog
d:\fordesktop\live2dproject\live2dmascot\cubismsdkfornative\proj_msvc2022_x64_mt\glfw\src\glfw.dir\glfw.tlog\cl.items.tlog
d:\fordesktop\live2dproject\live2dmascot\cubismsdkfornative\proj_msvc2022_x64_mt\glfw\src\glfw.dir\glfw.tlog\cl.read.1.tlog
d:\fordesktop\live2dproject\live2dmascot\cubismsdkfornative\proj_msvc2022_x64_mt\glfw\src\glfw.dir\glfw.tlog\cl.write.1.tlog
d:\fordesktop\live2dproject\live2dmascot\cubismsdkfornative\proj_msvc2022_x64_mt\glfw\src\glfw.dir\glfw.tlog\lib-link.read.1.tlog
d:\fordesktop\live2dproject\live2dmascot\cubismsdkfornative\proj_msvc2022_x64_mt\glfw\src\glfw.dir\glfw.tlog\lib-link.write.1.tlog
d:\fordesktop\live2dproject\live2dmascot\cubismsdkfornative\proj_msvc2022_x64_mt\glfw\src\glfw.dir\glfw.tlog\lib.command.1.tlog
